Using pre-set license
Built from '2021.3/staging' branch; Version is '2021.3.34f1 (25266724e7bd) revision 2434663'; Using compiler version '192829333'; Build Type 'Release'
OS: 'Windows 10  (10.0.19045) 64bit CoreSingleLanguage' Language: 'ru' Physical Memory: 32560 MB
BatchMode: 1, IsHumanControllingUs: 0, StartBugReporterOnCrash: 0, Is64bit: 1, IsPro: 1

COMMAND LINE ARGUMENTS:
D:\Programing\Unity\2021.3.34f1\Editor\Unity.exe
-adb2
-batchMode
-noUpm
-name
AssetImportWorker1
-projectPath
D:/Skillbox/Разработка игр на Unity с нуля/SaveTheVillage/SaveTheVillage
-logFile
Logs/AssetImportWorker1.log
-srvPort
58101
Successfully changed project path to: D:/Skillbox/Разработка игр на Unity с нуля/SaveTheVillage/SaveTheVillage
D:/Skillbox/Разработка игр на Unity с нуля/SaveTheVillage/SaveTheVillage
[UnityMemory] Configuration Parameters - Can be set up in boot.config
    "memorysetup-bucket-allocator-granularity=16"
    "memorysetup-bucket-allocator-bucket-count=8"
    "memorysetup-bucket-allocator-block-size=33554432"
    "memorysetup-bucket-allocator-block-count=8"
    "memorysetup-main-allocator-block-size=16777216"
    "memorysetup-thread-allocator-block-size=16777216"
    "memorysetup-gfx-main-allocator-block-size=16777216"
    "memorysetup-gfx-thread-allocator-block-size=16777216"
    "memorysetup-cache-allocator-block-size=4194304"
    "memorysetup-typetree-allocator-block-size=2097152"
    "memorysetup-profiler-bucket-allocator-granularity=16"
    "memorysetup-profiler-bucket-allocator-bucket-count=8"
    "memorysetup-profiler-bucket-allocator-block-size=33554432"
    "memorysetup-profiler-bucket-allocator-block-count=8"
    "memorysetup-profiler-allocator-block-size=16777216"
    "memorysetup-profiler-editor-allocator-block-size=1048576"
    "memorysetup-temp-allocator-size-main=16777216"
    "memorysetup-job-temp-allocator-block-size=2097152"
    "memorysetup-job-temp-allocator-block-size-background=1048576"
    "memorysetup-job-temp-allocator-reduction-small-platforms=262144"
    "memorysetup-temp-allocator-size-background-worker=32768"
    "memorysetup-temp-allocator-size-job-worker=262144"
    "memorysetup-temp-allocator-size-preload-manager=33554432"
    "memorysetup-temp-allocator-size-nav-mesh-worker=65536"
    "memorysetup-temp-allocator-size-audio-worker=65536"
    "memorysetup-temp-allocator-size-cloud-worker=32768"
    "memorysetup-temp-allocator-size-gi-baking-worker=262144"
    "memorysetup-temp-allocator-size-gfx=262144"
Player connection [6912] Host "[IP] 192.168.0.120 [Port] 0 [Flags] 2 [Guid] 1434010421 [EditorId] 1434010421 [Version] 1048832 [Id] WindowsEditor(7,PC) [Debug] 1 [PackageName] WindowsEditor [ProjectName] Editor" joined multi-casting on [225.0.0.222:54997]...

Player connection [6912] Host "[IP] 192.168.0.120 [Port] 0 [Flags] 2 [Guid] 1434010421 [EditorId] 1434010421 [Version] 1048832 [Id] WindowsEditor(7,PC) [Debug] 1 [PackageName] WindowsEditor [ProjectName] Editor" joined alternative multi-casting on [225.0.0.222:34997]...

[Physics::Module] Initialized MultithreadedJobDispatcher with {0} workers.
Refreshing native plugins compatible for Editor in 76.86 ms, found 4 plugins.
Preloading 0 native plugins for Editor in 0.00 ms.
Initialize engine version: 2021.3.34f1 (25266724e7bd)
[Subsystems] Discovering subsystems at path D:/Programing/Unity/2021.3.34f1/Editor/Data/Resources/UnitySubsystems
[Subsystems] Discovering subsystems at path D:/Skillbox/Разработка игр на Unity с нуля/SaveTheVillage/SaveTheVillage/Assets
GfxDevice: creating device client; threaded=0; jobified=0
Direct3D:
    Version:  Direct3D 11.0 [level 11.1]
    Renderer: NVIDIA GeForce RTX 3060 (ID=0x2504)
    Vendor:   NVIDIA
    VRAM:     12129 MB
    Driver:   31.0.15.4629
Initialize mono
Mono path[0] = 'D:/Programing/Unity/2021.3.34f1/Editor/Data/Managed'
Mono path[1] = 'D:/Programing/Unity/2021.3.34f1/Editor/Data/MonoBleedingEdge/lib/mono/unityjit-win32'
Mono config path = 'D:/Programing/Unity/2021.3.34f1/Editor/Data/MonoBleedingEdge/etc'
Using monoOptions --debugger-agent=transport=dt_socket,embedding=1,server=y,suspend=n,address=127.0.0.1:56040
Begin MonoManager ReloadAssembly
Registering precompiled unity dll's ...
Register platform support module: D:/Programing/Unity/2021.3.34f1/Editor/Data/PlaybackEngines/WindowsStandaloneSupport/UnityEditor.WindowsStandalone.Extensions.dll
Registered in 0.002419 seconds.
Native extension for WindowsStandalone target not found
Refreshing native plugins compatible for Editor in 78.83 ms, found 4 plugins.
Preloading 0 native plugins for Editor in 0.00 ms.
Mono: successfully reloaded assembly
- Completed reload, in  0.592 seconds
Domain Reload Profiling:
	ReloadAssembly (593ms)
		BeginReloadAssembly (82ms)
			ExecutionOrderSort (0ms)
			DisableScriptedObjects (0ms)
			BackupInstance (0ms)
			ReleaseScriptingObjects (0ms)
			CreateAndSetChildDomain (1ms)
		EndReloadAssembly (429ms)
			LoadAssemblies (81ms)
			RebuildTransferFunctionScriptingTraits (0ms)
			SetupTypeCache (95ms)
			ReleaseScriptCaches (0ms)
			RebuildScriptCaches (30ms)
			SetupLoadedEditorAssemblies (270ms)
				LogAssemblyErrors (0ms)
				InitializePlatformSupportModulesInManaged (7ms)
				SetLoadedEditorAssemblies (0ms)
				RefreshPlugins (79ms)
				BeforeProcessingInitializeOnLoad (1ms)
				ProcessInitializeOnLoadAttributes (133ms)
				ProcessInitializeOnLoadMethodAttributes (49ms)
				AfterProcessingInitializeOnLoad (0ms)
				EditorAssembliesLoaded (0ms)
			ExecutionOrderSort2 (0ms)
			AwakeInstancesAfterBackupRestoration (0ms)
Platform modules already initialized, skipping
Registering precompiled user dll's ...
Registered in 0.003817 seconds.
Begin MonoManager ReloadAssembly
Native extension for WindowsStandalone target not found
Refreshing native plugins compatible for Editor in 77.90 ms, found 4 plugins.
Preloading 0 native plugins for Editor in 0.00 ms.
Package Manager log level set to [2]
[Package Manager] Server::EnsureServerProcessIsRunning -- launch failed, reason: Unity was launched with the -noUpm command-line argument
[Package Manager] Cannot connect to Unity Package Manager local server
Mono: successfully reloaded assembly
- Completed reload, in  1.442 seconds
Domain Reload Profiling:
	ReloadAssembly (1444ms)
		BeginReloadAssembly (114ms)
			ExecutionOrderSort (0ms)
			DisableScriptedObjects (7ms)
			BackupInstance (0ms)
			ReleaseScriptingObjects (0ms)
			CreateAndSetChildDomain (18ms)
		EndReloadAssembly (1233ms)
			LoadAssemblies (81ms)
			RebuildTransferFunctionScriptingTraits (0ms)
			SetupTypeCache (213ms)
			ReleaseScriptCaches (1ms)
			RebuildScriptCaches (61ms)
			SetupLoadedEditorAssemblies (849ms)
				LogAssemblyErrors (0ms)
				InitializePlatformSupportModulesInManaged (4ms)
				SetLoadedEditorAssemblies (0ms)
				RefreshPlugins (78ms)
				BeforeProcessingInitializeOnLoad (88ms)
				ProcessInitializeOnLoadAttributes (639ms)
				ProcessInitializeOnLoadMethodAttributes (37ms)
				AfterProcessingInitializeOnLoad (2ms)
				EditorAssembliesLoaded (0ms)
			ExecutionOrderSort2 (0ms)
			AwakeInstancesAfterBackupRestoration (5ms)
Platform modules already initialized, skipping
========================================================================
Worker process is ready to serve import requests
Launched and connected shader compiler UnityShaderCompiler.exe after 0.04 seconds
Refreshing native plugins compatible for Editor in 0.75 ms, found 4 plugins.
Preloading 0 native plugins for Editor in 0.00 ms.
Unloading 3830 Unused Serialized files (Serialized files now loaded: 0)
Unloading 36 unused Assets / (46.7 KB). Loaded Objects now: 4287.
Memory consumption went from 148.4 MB to 148.3 MB.
Total: 3.296100 ms (FindLiveObjects: 0.292900 ms CreateObjectMapping: 0.097100 ms MarkObjects: 2.823000 ms  DeleteObjects: 0.082200 ms)

AssetImportParameters requested are different than current active one (requested -> active):
  custom:video-decoder-ogg-theora: a1e56fd34408186e4bbccfd4996cb3dc -> 
  custom:container-muxer-webm: aa71ff27fc2769a1b78a27578f13a17b -> 
  custom:container-demuxer-webm: 4f35f7cbe854078d1ac9338744f61a02 -> 
  custom:video-encoder-webm-vp8: eb34c28f22e8b96e1ab97ce403110664 -> 
  custom:CustomObjectIndexerAttribute: bc11b3a6c3213fcdd17b65e7da85e133 -> 
  custom:audio-encoder-webm-vorbis: bf7c407c2cedff20999df2af8eb42d56 -> 
  custom:framework-win-MediaFoundation: 216162199b28c13a410421893ffa2e32 -> 
  custom:SearchIndexIgnoredProperties: e643bd26f0fe6173181afceb89e7c659 -> 
  custom:container-demuxer-ogg: 62fdf1f143b41e24485cea50d1cbac27 -> 
  custom:video-decoder-webm-vp8: 9c59270c3fd7afecdb556c50c9e8de78 -> 
  custom:audio-decoder-ogg-vorbis: bf7c407c2cedff20999df2af8eb42d56 -> 
========================================================================
Received Import Request.
  Time since last request: 10765.152564 seconds.
  path: Assets/kenney_ui-pack/sample.png
  artifactKey: Guid(b55bd318040d1964cac7d65e74cbe0e1) Importer(815301076,1909f56bfc062723c751e8b465ee728b)
Number of updated assets reloaded before import = 0
Start importing Assets/kenney_ui-pack/sample.png using Guid(b55bd318040d1964cac7d65e74cbe0e1) Importer(815301076,1909f56bfc062723c751e8b465ee728b)  -> (artifact id: '3702975763028a550b5833f320dc2dc3') in 0.112705 seconds 
Number of asset objects unloaded after import = 3
========================================================================
Received Import Request.
  Time since last request: 5.555527 seconds.
  path: Assets/kenney_ui-pack/Font/kenvector_future_thin.ttf
  artifactKey: Guid(81750b9f96f3e3c43a403cc34e049103) Importer(815301076,1909f56bfc062723c751e8b465ee728b)
Number of updated assets reloaded before import = 0
Start importing Assets/kenney_ui-pack/Font/kenvector_future_thin.ttf using Guid(81750b9f96f3e3c43a403cc34e049103) Importer(815301076,1909f56bfc062723c751e8b465ee728b)  -> (artifact id: '5d2a3b9f38163f752591bb0996e63600') in 0.044546 seconds 
Number of asset objects unloaded after import = 4
========================================================================
Received Prepare
Registering precompiled user dll's ...
Registered in 0.003676 seconds.
Begin MonoManager ReloadAssembly
Native extension for WindowsStandalone target not found
Refreshing native plugins compatible for Editor in 0.72 ms, found 4 plugins.
Preloading 0 native plugins for Editor in 0.00 ms.
[Package Manager] Server::EnsureServerProcessIsRunning -- launch failed, reason: Unity was launched with the -noUpm command-line argument
[Package Manager] Cannot connect to Unity Package Manager local server
Mono: successfully reloaded assembly
- Completed reload, in  1.442 seconds
Domain Reload Profiling:
	ReloadAssembly (1442ms)
		BeginReloadAssembly (157ms)
			ExecutionOrderSort (0ms)
			DisableScriptedObjects (7ms)
			BackupInstance (0ms)
			ReleaseScriptingObjects (0ms)
			CreateAndSetChildDomain (39ms)
		EndReloadAssembly (1201ms)
			LoadAssemblies (94ms)
			RebuildTransferFunctionScriptingTraits (0ms)
			SetupTypeCache (243ms)
			ReleaseScriptCaches (1ms)
			RebuildScriptCaches (50ms)
			SetupLoadedEditorAssemblies (795ms)
				LogAssemblyErrors (0ms)
				InitializePlatformSupportModulesInManaged (6ms)
				SetLoadedEditorAssemblies (0ms)
				RefreshPlugins (1ms)
				BeforeProcessingInitializeOnLoad (73ms)
				ProcessInitializeOnLoadAttributes (667ms)
				ProcessInitializeOnLoadMethodAttributes (45ms)
				AfterProcessingInitializeOnLoad (3ms)
				EditorAssembliesLoaded (0ms)
			ExecutionOrderSort2 (0ms)
			AwakeInstancesAfterBackupRestoration (7ms)
Platform modules already initialized, skipping
Refreshing native plugins compatible for Editor in 0.76 ms, found 4 plugins.
Preloading 0 native plugins for Editor in 0.00 ms.
Unloading 3866 Unused Serialized files (Serialized files now loaded: 0)
Unloading 38 unused Assets / (0.7 MB). Loaded Objects now: 4373.
Memory consumption went from 155.4 MB to 154.7 MB.
Total: 3.564300 ms (FindLiveObjects: 0.321700 ms CreateObjectMapping: 0.121900 ms MarkObjects: 2.849400 ms  DeleteObjects: 0.270000 ms)

AssetImportParameters requested are different than current active one (requested -> active):
  custom:video-decoder-ogg-theora: a1e56fd34408186e4bbccfd4996cb3dc -> 
  custom:container-muxer-webm: aa71ff27fc2769a1b78a27578f13a17b -> 
  custom:container-demuxer-webm: 4f35f7cbe854078d1ac9338744f61a02 -> 
  custom:video-encoder-webm-vp8: eb34c28f22e8b96e1ab97ce403110664 -> 
  custom:CustomObjectIndexerAttribute: bc11b3a6c3213fcdd17b65e7da85e133 -> 
  custom:audio-encoder-webm-vorbis: bf7c407c2cedff20999df2af8eb42d56 -> 
  custom:framework-win-MediaFoundation: 216162199b28c13a410421893ffa2e32 -> 
  custom:SearchIndexIgnoredProperties: e643bd26f0fe6173181afceb89e7c659 -> 
  custom:container-demuxer-ogg: 62fdf1f143b41e24485cea50d1cbac27 -> 
  custom:video-decoder-webm-vp8: 9c59270c3fd7afecdb556c50c9e8de78 -> 
  custom:audio-decoder-ogg-vorbis: bf7c407c2cedff20999df2af8eb42d56 -> 
========================================================================
Received Import Request.
  Time since last request: 1263.769423 seconds.
  path: Assets/kenney_ui-pack/PNG/blue_boxCross.png
  artifactKey: Guid(eb50d2171c84ea9449fb59a5f52394a9) Importer(815301076,1909f56bfc062723c751e8b465ee728b)
Number of updated assets reloaded before import = 0
Start importing Assets/kenney_ui-pack/PNG/blue_boxCross.png using Guid(eb50d2171c84ea9449fb59a5f52394a9) Importer(815301076,1909f56bfc062723c751e8b465ee728b)  -> (artifact id: '019038f4155050c9bc9edd9b9f29db00') in 0.074032 seconds 
Number of asset objects unloaded after import = 3
========================================================================
Received Import Request.
  Time since last request: 0.000034 seconds.
  path: Assets/kenney_ui-pack/PNG/blue_checkmark.png
  artifactKey: Guid(39d28dbc6c283dc499189a556521cd21) Importer(815301076,1909f56bfc062723c751e8b465ee728b)
Number of updated assets reloaded before import = 0
Start importing Assets/kenney_ui-pack/PNG/blue_checkmark.png using Guid(39d28dbc6c283dc499189a556521cd21) Importer(815301076,1909f56bfc062723c751e8b465ee728b)  -> (artifact id: '86d867fb3155f4163e016f14272bff53') in 0.016736 seconds 
Number of asset objects unloaded after import = 3
========================================================================
Received Import Request.
  Time since last request: 0.000030 seconds.
  path: Assets/kenney_ui-pack/PNG/green_button01.png
  artifactKey: Guid(495749f8a6386524dbb7b70436f84802) Importer(815301076,1909f56bfc062723c751e8b465ee728b)
Number of updated assets reloaded before import = 0
Start importing Assets/kenney_ui-pack/PNG/green_button01.png using Guid(495749f8a6386524dbb7b70436f84802) Importer(815301076,1909f56bfc062723c751e8b465ee728b)  -> (artifact id: '56767ee75ad787adb209e2316c65fba1') in 0.023901 seconds 
Number of asset objects unloaded after import = 3
========================================================================
Received Import Request.
  Time since last request: 0.000030 seconds.
  path: Assets/kenney_ui-pack/PNG/grey_button02.png
  artifactKey: Guid(bddeab98f6358364e9c711ff4a0a7531) Importer(815301076,1909f56bfc062723c751e8b465ee728b)
Number of updated assets reloaded before import = 0
Start importing Assets/kenney_ui-pack/PNG/grey_button02.png using Guid(bddeab98f6358364e9c711ff4a0a7531) Importer(815301076,1909f56bfc062723c751e8b465ee728b)  -> (artifact id: '0b733c9001df79048ffc45af20f22beb') in 0.016235 seconds 
Number of asset objects unloaded after import = 3
========================================================================
Received Import Request.
  Time since last request: 0.000022 seconds.
  path: Assets/kenney_ui-pack/PNG/blue_button12.png
  artifactKey: Guid(95294c023a14d094c9fecbc6e9895a4d) Importer(815301076,1909f56bfc062723c751e8b465ee728b)
Number of updated assets reloaded before import = 0
Start importing Assets/kenney_ui-pack/PNG/blue_button12.png using Guid(95294c023a14d094c9fecbc6e9895a4d) Importer(815301076,1909f56bfc062723c751e8b465ee728b)  -> (artifact id: '4b46c08e36cff508e77526c60307bf8b') in 0.016201 seconds 
Number of asset objects unloaded after import = 3
========================================================================
Received Import Request.
  Time since last request: 0.000021 seconds.
  path: Assets/kenney_ui-pack/PNG/grey_button15.png
  artifactKey: Guid(7ebc65ab12d5ebd409cd53846a079ba7) Importer(815301076,1909f56bfc062723c751e8b465ee728b)
Number of updated assets reloaded before import = 0
Start importing Assets/kenney_ui-pack/PNG/grey_button15.png using Guid(7ebc65ab12d5ebd409cd53846a079ba7) Importer(815301076,1909f56bfc062723c751e8b465ee728b)  -> (artifact id: 'ca7d298cb8428ec3b1d4bb612df3142b') in 0.018280 seconds 
Number of asset objects unloaded after import = 3
========================================================================
Received Import Request.
  Time since last request: 0.000021 seconds.
  path: Assets/kenney_ui-pack/PNG/blue_sliderDown.png
  artifactKey: Guid(dd268f8715b972441a33ed6e5712a0df) Importer(815301076,1909f56bfc062723c751e8b465ee728b)
Number of updated assets reloaded before import = 0
Start importing Assets/kenney_ui-pack/PNG/blue_sliderDown.png using Guid(dd268f8715b972441a33ed6e5712a0df) Importer(815301076,1909f56bfc062723c751e8b465ee728b)  -> (artifact id: '9a7a91edb04749475830063e796c3aaa') in 0.016325 seconds 
Number of asset objects unloaded after import = 3
========================================================================
Received Import Request.
  Time since last request: 0.000026 seconds.
  path: Assets/kenney_ui-pack/PNG/green_button04.png
  artifactKey: Guid(fd8e5d25906a45043a64423399d0f5b7) Importer(815301076,1909f56bfc062723c751e8b465ee728b)
Number of updated assets reloaded before import = 0
Start importing Assets/kenney_ui-pack/PNG/green_button04.png using Guid(fd8e5d25906a45043a64423399d0f5b7) Importer(815301076,1909f56bfc062723c751e8b465ee728b)  -> (artifact id: 'f71e4dffa5397f68437ebabada2311c1') in 0.017252 seconds 
Number of asset objects unloaded after import = 3
========================================================================
Received Import Request.
  Time since last request: 0.000018 seconds.
  path: Assets/kenney_ui-pack/PNG/green_checkmark.png
  artifactKey: Guid(b30e9633f2ea25b438eaca0de0fe8a5b) Importer(815301076,1909f56bfc062723c751e8b465ee728b)
Number of updated assets reloaded before import = 0
Start importing Assets/kenney_ui-pack/PNG/green_checkmark.png using Guid(b30e9633f2ea25b438eaca0de0fe8a5b) Importer(815301076,1909f56bfc062723c751e8b465ee728b)  -> (artifact id: '9837acfa7cdfcc0ebd67d7c5c019f9d9') in 0.015190 seconds 
Number of asset objects unloaded after import = 3
========================================================================
Received Import Request.
  Time since last request: 0.000027 seconds.
  path: Assets/kenney_ui-pack/PNG/grey_sliderRight.png
  artifactKey: Guid(cb56cced48d71444c948d62bbc2280b4) Importer(815301076,1909f56bfc062723c751e8b465ee728b)
Number of updated assets reloaded before import = 0
Start importing Assets/kenney_ui-pack/PNG/grey_sliderRight.png using Guid(cb56cced48d71444c948d62bbc2280b4) Importer(815301076,1909f56bfc062723c751e8b465ee728b)  -> (artifact id: '774c086696efca4e6cdaaa268a787a24') in 0.016832 seconds 
Number of asset objects unloaded after import = 3
========================================================================
Received Import Request.
  Time since last request: 0.000026 seconds.
  path: Assets/kenney_ui-pack/PNG/red_boxCheckmark.png
  artifactKey: Guid(72341c861182d0645b6807022fe9e31e) Importer(815301076,1909f56bfc062723c751e8b465ee728b)
Number of updated assets reloaded before import = 0
Start importing Assets/kenney_ui-pack/PNG/red_boxCheckmark.png using Guid(72341c861182d0645b6807022fe9e31e) Importer(815301076,1909f56bfc062723c751e8b465ee728b)  -> (artifact id: 'f49095c93bc6364bbc3259db666e7afd') in 0.017108 seconds 
Number of asset objects unloaded after import = 3
========================================================================
Received Import Request.
  Time since last request: 0.000017 seconds.
  path: Assets/kenney_ui-pack/PNG/red_button06.png
  artifactKey: Guid(2bd63abff8623584f9824873fe185529) Importer(815301076,1909f56bfc062723c751e8b465ee728b)
Number of updated assets reloaded before import = 0
Start importing Assets/kenney_ui-pack/PNG/red_button06.png using Guid(2bd63abff8623584f9824873fe185529) Importer(815301076,1909f56bfc062723c751e8b465ee728b)  -> (artifact id: '2b747bb9de3f3d00fadf9fd4e225e73b') in 0.018480 seconds 
Number of asset objects unloaded after import = 3
========================================================================
Received Import Request.
  Time since last request: 0.000026 seconds.
  path: Assets/kenney_ui-pack/PNG/grey_button14.png
  artifactKey: Guid(6578482b6f188094bb613cabcc1c9b76) Importer(815301076,1909f56bfc062723c751e8b465ee728b)
Number of updated assets reloaded before import = 0
Start importing Assets/kenney_ui-pack/PNG/grey_button14.png using Guid(6578482b6f188094bb613cabcc1c9b76) Importer(815301076,1909f56bfc062723c751e8b465ee728b)  -> (artifact id: '01af4509ec7dc275f159ac0cf0e00164') in 0.016372 seconds 
Number of asset objects unloaded after import = 3
========================================================================
Received Import Request.
  Time since last request: 0.000018 seconds.
  path: Assets/kenney_ui-pack/PNG/green_boxCross.png
  artifactKey: Guid(a7a3d463cfd8bb845beb321c63078a1c) Importer(815301076,1909f56bfc062723c751e8b465ee728b)
Number of updated assets reloaded before import = 0
Start importing Assets/kenney_ui-pack/PNG/green_boxCross.png using Guid(a7a3d463cfd8bb845beb321c63078a1c) Importer(815301076,1909f56bfc062723c751e8b465ee728b)  -> (artifact id: '54cf62eff28a15e0a67e13451ec24935') in 0.016306 seconds 
Number of asset objects unloaded after import = 3
========================================================================
Received Import Request.
  Time since last request: 0.000034 seconds.
  path: Assets/kenney_ui-pack/PNG/grey_boxTick.png
  artifactKey: Guid(65a50708b500bd441a13fce19b8e8381) Importer(815301076,1909f56bfc062723c751e8b465ee728b)
Number of updated assets reloaded before import = 0
Start importing Assets/kenney_ui-pack/PNG/grey_boxTick.png using Guid(65a50708b500bd441a13fce19b8e8381) Importer(815301076,1909f56bfc062723c751e8b465ee728b)  -> (artifact id: 'd37f57e68868e7ed78f0fcf34075da6d') in 0.016350 seconds 
Number of asset objects unloaded after import = 3
========================================================================
Received Import Request.
  Time since last request: 0.000016 seconds.
  path: Assets/kenney_ui-pack/PNG/green_panel.png
  artifactKey: Guid(a0bcc8c66153c204f89008eaad94aaa4) Importer(815301076,1909f56bfc062723c751e8b465ee728b)
Number of updated assets reloaded before import = 0
Start importing Assets/kenney_ui-pack/PNG/green_panel.png using Guid(a0bcc8c66153c204f89008eaad94aaa4) Importer(815301076,1909f56bfc062723c751e8b465ee728b)  -> (artifact id: '8787100ab3254d380912619fe5ef315d') in 0.017720 seconds 
Number of asset objects unloaded after import = 3
========================================================================
Received Import Request.
  Time since last request: 0.000017 seconds.
  path: Assets/kenney_ui-pack/PNG/dropdownTop.png
  artifactKey: Guid(7c57e3e4ae6ed004db29371663891fa5) Importer(815301076,1909f56bfc062723c751e8b465ee728b)
Number of updated assets reloaded before import = 0
Start importing Assets/kenney_ui-pack/PNG/dropdownTop.png using Guid(7c57e3e4ae6ed004db29371663891fa5) Importer(815301076,1909f56bfc062723c751e8b465ee728b)  -> (artifact id: '1c7d3a76b85c9765605c31d51b7c3d9e') in 0.023215 seconds 
Number of asset objects unloaded after import = 3
========================================================================
Received Import Request.
  Time since last request: 0.000029 seconds.
  path: Assets/kenney_ui-pack/PNG/grey_button06.png
  artifactKey: Guid(48e9d0a0d55855d4782c869e933b3ec0) Importer(815301076,1909f56bfc062723c751e8b465ee728b)
Number of updated assets reloaded before import = 0
Start importing Assets/kenney_ui-pack/PNG/grey_button06.png using Guid(48e9d0a0d55855d4782c869e933b3ec0) Importer(815301076,1909f56bfc062723c751e8b465ee728b)  -> (artifact id: '67dea5c1860ff7bee1ddbf6cb7bcc653') in 0.025444 seconds 
Number of asset objects unloaded after import = 3
========================================================================
Received Import Request.
  Time since last request: 0.000024 seconds.
  path: Assets/kenney_ui-pack/PNG/green_sliderDown.png
  artifactKey: Guid(a813b3877fc901248b5edbcfc74954ca) Importer(815301076,1909f56bfc062723c751e8b465ee728b)
Number of updated assets reloaded before import = 0
Start importing Assets/kenney_ui-pack/PNG/green_sliderDown.png using Guid(a813b3877fc901248b5edbcfc74954ca) Importer(815301076,1909f56bfc062723c751e8b465ee728b)  -> (artifact id: 'a339267b2f826adf608f494d48a44323') in 0.021966 seconds 
Number of asset objects unloaded after import = 3
========================================================================
Received Import Request.
  Time since last request: 0.000040 seconds.
  path: Assets/kenney_ui-pack/PNG/grey_boxCheckmark.png
  artifactKey: Guid(bc3378ac5c94809408552f6d1f527b3b) Importer(815301076,1909f56bfc062723c751e8b465ee728b)
Number of updated assets reloaded before import = 0
Start importing Assets/kenney_ui-pack/PNG/grey_boxCheckmark.png using Guid(bc3378ac5c94809408552f6d1f527b3b) Importer(815301076,1909f56bfc062723c751e8b465ee728b)  -> (artifact id: '89073598790c7e3049827b62c4724047') in 0.019470 seconds 
Number of asset objects unloaded after import = 3
========================================================================
Received Import Request.
  Time since last request: 0.000019 seconds.
  path: Assets/kenney_ui-pack/PNG/green_cross.png
  artifactKey: Guid(f8f13a3047aba044f9c5244df34da9c9) Importer(815301076,1909f56bfc062723c751e8b465ee728b)
Number of updated assets reloaded before import = 0
Start importing Assets/kenney_ui-pack/PNG/green_cross.png using Guid(f8f13a3047aba044f9c5244df34da9c9) Importer(815301076,1909f56bfc062723c751e8b465ee728b)  -> (artifact id: 'f945204e6606188dfe217a148be4571d') in 0.017577 seconds 
Number of asset objects unloaded after import = 3
========================================================================
Received Import Request.
  Time since last request: 0.000018 seconds.
  path: Assets/kenney_ui-pack/PNG/grey_sliderDown.png
  artifactKey: Guid(87e6e7804054c574581b4781da2bb92b) Importer(815301076,1909f56bfc062723c751e8b465ee728b)
Number of updated assets reloaded before import = 0
Start importing Assets/kenney_ui-pack/PNG/grey_sliderDown.png using Guid(87e6e7804054c574581b4781da2bb92b) Importer(815301076,1909f56bfc062723c751e8b465ee728b)  -> (artifact id: '45bbd402529dba39637d2f29beb5d65c') in 0.016734 seconds 
Number of asset objects unloaded after import = 3
========================================================================
Received Import Request.
  Time since last request: 0.000028 seconds.
  path: Assets/kenney_ui-pack/PNG/blue_button11.png
  artifactKey: Guid(6bae5e05dfd4a534eabd1a8913e540af) Importer(815301076,1909f56bfc062723c751e8b465ee728b)
Number of updated assets reloaded before import = 0
Start importing Assets/kenney_ui-pack/PNG/blue_button11.png using Guid(6bae5e05dfd4a534eabd1a8913e540af) Importer(815301076,1909f56bfc062723c751e8b465ee728b)  -> (artifact id: '9483573aa4a9a468f2a3f97901b66134') in 0.016411 seconds 
Number of asset objects unloaded after import = 3
========================================================================
Received Import Request.
  Time since last request: 0.000018 seconds.
  path: Assets/kenney_ui-pack/PNG/green_sliderLeft.png
  artifactKey: Guid(1ba47c65a2559f24ba6c9d94b309ae25) Importer(815301076,1909f56bfc062723c751e8b465ee728b)
Number of updated assets reloaded before import = 0
Start importing Assets/kenney_ui-pack/PNG/green_sliderLeft.png using Guid(1ba47c65a2559f24ba6c9d94b309ae25) Importer(815301076,1909f56bfc062723c751e8b465ee728b)  -> (artifact id: 'c42892a650785dbf7a1d43e0612d37cd') in 0.016313 seconds 
Number of asset objects unloaded after import = 3
========================================================================
Received Import Request.
  Time since last request: 0.000022 seconds.
  path: Assets/kenney_ui-pack/PNG/grey_sliderHorizontal.png
  artifactKey: Guid(9bb1607ad8b85df4096ca6b7a751feec) Importer(815301076,1909f56bfc062723c751e8b465ee728b)
Number of updated assets reloaded before import = 0
Start importing Assets/kenney_ui-pack/PNG/grey_sliderHorizontal.png using Guid(9bb1607ad8b85df4096ca6b7a751feec) Importer(815301076,1909f56bfc062723c751e8b465ee728b)  -> (artifact id: 'f54e2cf69f0bf16ba1e93446915f1fa8') in 0.017395 seconds 
Number of asset objects unloaded after import = 3
========================================================================
Received Import Request.
  Time since last request: 0.000025 seconds.
  path: Assets/kenney_ui-pack/PNG/red_button05.png
  artifactKey: Guid(c3aaae0454bbcfc4ca38d0f62b816b5f) Importer(815301076,1909f56bfc062723c751e8b465ee728b)
Number of updated assets reloaded before import = 0
Start importing Assets/kenney_ui-pack/PNG/red_button05.png using Guid(c3aaae0454bbcfc4ca38d0f62b816b5f) Importer(815301076,1909f56bfc062723c751e8b465ee728b)  -> (artifact id: '884163eb2507ff0cda5e59716848f1b2') in 0.016953 seconds 
Number of asset objects unloaded after import = 3
========================================================================
Received Import Request.
  Time since last request: 0.000062 seconds.
  path: Assets/kenney_ui-pack/PNG/green_button05.png
  artifactKey: Guid(768276b7383b5054387116d9b5ce8aed) Importer(815301076,1909f56bfc062723c751e8b465ee728b)
Number of updated assets reloaded before import = 0
Start importing Assets/kenney_ui-pack/PNG/green_button05.png using Guid(768276b7383b5054387116d9b5ce8aed) Importer(815301076,1909f56bfc062723c751e8b465ee728b)  -> (artifact id: '67f6308929f542081b8e05593b2b047c') in 0.016370 seconds 
Number of asset objects unloaded after import = 3
========================================================================
Received Import Request.
  Time since last request: 0.000016 seconds.
  path: Assets/kenney_ui-pack/PNG/blue_cross.png
  artifactKey: Guid(96516edc0edd8cd49a045757cf368769) Importer(815301076,1909f56bfc062723c751e8b465ee728b)
Number of updated assets reloaded before import = 0
Start importing Assets/kenney_ui-pack/PNG/blue_cross.png using Guid(96516edc0edd8cd49a045757cf368769) Importer(815301076,1909f56bfc062723c751e8b465ee728b)  -> (artifact id: '1c5636bbb180e3c1f130f5627ad83b19') in 0.016113 seconds 
Number of asset objects unloaded after import = 3
========================================================================
Received Import Request.
  Time since last request: 0.000021 seconds.
  path: Assets/kenney_ui-pack/PNG/yellow_boxCross.png
  artifactKey: Guid(a73b0ab5211a3a34aa4a70ac7e709114) Importer(815301076,1909f56bfc062723c751e8b465ee728b)
Number of updated assets reloaded before import = 0
Start importing Assets/kenney_ui-pack/PNG/yellow_boxCross.png using Guid(a73b0ab5211a3a34aa4a70ac7e709114) Importer(815301076,1909f56bfc062723c751e8b465ee728b)  -> (artifact id: '87e3d5bbfb2f0195324956dc5b66a266') in 0.017547 seconds 
Number of asset objects unloaded after import = 3
========================================================================
Received Import Request.
  Time since last request: 0.000021 seconds.
  path: Assets/kenney_ui-pack/PNG/blue_sliderLeft.png
  artifactKey: Guid(97a987b1c51b83d44b81a13b474163e3) Importer(815301076,1909f56bfc062723c751e8b465ee728b)
Number of updated assets reloaded before import = 0
Start importing Assets/kenney_ui-pack/PNG/blue_sliderLeft.png using Guid(97a987b1c51b83d44b81a13b474163e3) Importer(815301076,1909f56bfc062723c751e8b465ee728b)  -> (artifact id: 'c7d1417a47d9b6d6620d0955fb5aadf1') in 0.019528 seconds 
Number of asset objects unloaded after import = 3
========================================================================
Received Import Request.
  Time since last request: 0.000020 seconds.
  path: Assets/kenney_ui-pack/PNG/dropdownMid.png
  artifactKey: Guid(38a67ba589217be4bb9297b3f62b48da) Importer(815301076,1909f56bfc062723c751e8b465ee728b)
Number of updated assets reloaded before import = 0
Start importing Assets/kenney_ui-pack/PNG/dropdownMid.png using Guid(38a67ba589217be4bb9297b3f62b48da) Importer(815301076,1909f56bfc062723c751e8b465ee728b)  -> (artifact id: 'f934d9d650e2b8563b04a8d0c1775e54') in 0.017376 seconds 
Number of asset objects unloaded after import = 3
========================================================================
Received Import Request.
  Time since last request: 0.000020 seconds.
  path: Assets/kenney_ui-pack/PNG/red_sliderRight.png
  artifactKey: Guid(c3f7c720567a4c3418476b96bffd6884) Importer(815301076,1909f56bfc062723c751e8b465ee728b)
Number of updated assets reloaded before import = 0
Start importing Assets/kenney_ui-pack/PNG/red_sliderRight.png using Guid(c3f7c720567a4c3418476b96bffd6884) Importer(815301076,1909f56bfc062723c751e8b465ee728b)  -> (artifact id: 'f5caf55d827e45ced9e68a1fb0dccbc8') in 0.017225 seconds 
Number of asset objects unloaded after import = 3
========================================================================
Received Import Request.
  Time since last request: 0.000021 seconds.
  path: Assets/kenney_ui-pack/PNG/grey_crossGrey.png
  artifactKey: Guid(5d88c9feb74adab41894233b3556fa80) Importer(815301076,1909f56bfc062723c751e8b465ee728b)
Number of updated assets reloaded before import = 0
Start importing Assets/kenney_ui-pack/PNG/grey_crossGrey.png using Guid(5d88c9feb74adab41894233b3556fa80) Importer(815301076,1909f56bfc062723c751e8b465ee728b)  -> (artifact id: 'fb7d876566a41158cd72c14e2e555a36') in 0.018032 seconds 
Number of asset objects unloaded after import = 3
========================================================================
Received Import Request.
  Time since last request: 0.000021 seconds.
  path: Assets/kenney_ui-pack/PNG/green_button08.png
  artifactKey: Guid(dbaa0d086c468c64ea496567b8f1ad8f) Importer(815301076,1909f56bfc062723c751e8b465ee728b)
Number of updated assets reloaded before import = 0
Start importing Assets/kenney_ui-pack/PNG/green_button08.png using Guid(dbaa0d086c468c64ea496567b8f1ad8f) Importer(815301076,1909f56bfc062723c751e8b465ee728b)  -> (artifact id: 'cbf51d599f01831e25f13fec5789124b') in 0.016599 seconds 
Number of asset objects unloaded after import = 3
========================================================================
Received Import Request.
  Time since last request: 0.000020 seconds.
  path: Assets/kenney_ui-pack/PNG/yellow_button08.png
  artifactKey: Guid(043b1bffff9e01d4dbe84104d8bc46a5) Importer(815301076,1909f56bfc062723c751e8b465ee728b)
Number of updated assets reloaded before import = 0
Start importing Assets/kenney_ui-pack/PNG/yellow_button08.png using Guid(043b1bffff9e01d4dbe84104d8bc46a5) Importer(815301076,1909f56bfc062723c751e8b465ee728b)  -> (artifact id: '9cc4aa5680e374f833066c3be5770904') in 0.015886 seconds 
Number of asset objects unloaded after import = 3
========================================================================
Received Import Request.
  Time since last request: 0.000019 seconds.
  path: Assets/kenney_ui-pack/PNG/green_circle.png
  artifactKey: Guid(82ba1e89a49e1b84a9e87a30ab684f77) Importer(815301076,1909f56bfc062723c751e8b465ee728b)
Number of updated assets reloaded before import = 0
Start importing Assets/kenney_ui-pack/PNG/green_circle.png using Guid(82ba1e89a49e1b84a9e87a30ab684f77) Importer(815301076,1909f56bfc062723c751e8b465ee728b)  -> (artifact id: 'a4de3d780db10d6c3f0a5ae9c440b2b7') in 0.015412 seconds 
Number of asset objects unloaded after import = 3
========================================================================
Received Import Request.
  Time since last request: 0.000017 seconds.
  path: Assets/kenney_ui-pack/PNG/grey_sliderEnd.png
  artifactKey: Guid(e32f7209af58d7b4e92d53b4b61edb47) Importer(815301076,1909f56bfc062723c751e8b465ee728b)
Number of updated assets reloaded before import = 0
Start importing Assets/kenney_ui-pack/PNG/grey_sliderEnd.png using Guid(e32f7209af58d7b4e92d53b4b61edb47) Importer(815301076,1909f56bfc062723c751e8b465ee728b)  -> (artifact id: '2782fe104baea7585984acce9a5711f8') in 0.017973 seconds 
Number of asset objects unloaded after import = 3
========================================================================
Received Import Request.
  Time since last request: 0.000020 seconds.
  path: Assets/kenney_ui-pack/PNG/grey_button00.png
  artifactKey: Guid(165d9a357ff8c674e948112d42931bf4) Importer(815301076,1909f56bfc062723c751e8b465ee728b)
Number of updated assets reloaded before import = 0
Start importing Assets/kenney_ui-pack/PNG/grey_button00.png using Guid(165d9a357ff8c674e948112d42931bf4) Importer(815301076,1909f56bfc062723c751e8b465ee728b)  -> (artifact id: '5594bf0132f1ff30678c5d4552a72397') in 0.017356 seconds 
Number of asset objects unloaded after import = 3
========================================================================
Received Import Request.
  Time since last request: 0.000023 seconds.
  path: Assets/kenney_ui-pack/PNG/red_button10.png
  artifactKey: Guid(865da07b2e23a144a9cb893b6837a2fd) Importer(815301076,1909f56bfc062723c751e8b465ee728b)
Number of updated assets reloaded before import = 0
Start importing Assets/kenney_ui-pack/PNG/red_button10.png using Guid(865da07b2e23a144a9cb893b6837a2fd) Importer(815301076,1909f56bfc062723c751e8b465ee728b)  -> (artifact id: 'bad80dc39cc5086bbde04d155a7f0775') in 0.016741 seconds 
Number of asset objects unloaded after import = 3
========================================================================
Received Import Request.
  Time since last request: 0.000028 seconds.
  path: Assets/kenney_ui-pack/PNG/red_checkmark.png
  artifactKey: Guid(23e833a1d05320c43ba9bcd6299a7964) Importer(815301076,1909f56bfc062723c751e8b465ee728b)
Number of updated assets reloaded before import = 0
Start importing Assets/kenney_ui-pack/PNG/red_checkmark.png using Guid(23e833a1d05320c43ba9bcd6299a7964) Importer(815301076,1909f56bfc062723c751e8b465ee728b)  -> (artifact id: 'a0b182b95fa42a1ebb600f9b2ec588eb') in 0.016501 seconds 
Number of asset objects unloaded after import = 3
========================================================================
Received Import Request.
  Time since last request: 0.000022 seconds.
  path: Assets/kenney_ui-pack/PNG/blue_tick.png
  artifactKey: Guid(e744d1baa8cfec048b77aed6b1c7b49e) Importer(815301076,1909f56bfc062723c751e8b465ee728b)
Number of updated assets reloaded before import = 0
Start importing Assets/kenney_ui-pack/PNG/blue_tick.png using Guid(e744d1baa8cfec048b77aed6b1c7b49e) Importer(815301076,1909f56bfc062723c751e8b465ee728b)  -> (artifact id: '06779853ebe76eb23d9fbaa970d591fe') in 0.019328 seconds 
Number of asset objects unloaded after import = 3
========================================================================
Received Import Request.
  Time since last request: 0.000020 seconds.
  path: Assets/kenney_ui-pack/PNG/red_button11.png
  artifactKey: Guid(8fbe4df8e46e8b44390e582612c2160f) Importer(815301076,1909f56bfc062723c751e8b465ee728b)
Number of updated assets reloaded before import = 0
Start importing Assets/kenney_ui-pack/PNG/red_button11.png using Guid(8fbe4df8e46e8b44390e582612c2160f) Importer(815301076,1909f56bfc062723c751e8b465ee728b)  -> (artifact id: '200a151f7991368a2cb90095958790e9') in 0.017830 seconds 
Number of asset objects unloaded after import = 3
========================================================================
Received Import Request.
  Time since last request: 0.000022 seconds.
  path: Assets/kenney_ui-pack/PNG/yellow_button02.png
  artifactKey: Guid(e1e5a6a20e6286a41923ced7efaa6dc5) Importer(815301076,1909f56bfc062723c751e8b465ee728b)
Number of updated assets reloaded before import = 0
Start importing Assets/kenney_ui-pack/PNG/yellow_button02.png using Guid(e1e5a6a20e6286a41923ced7efaa6dc5) Importer(815301076,1909f56bfc062723c751e8b465ee728b)  -> (artifact id: 'e5f559629581865455c5be3a47a8a0fb') in 0.018416 seconds 
Number of asset objects unloaded after import = 3
========================================================================
Received Import Request.
  Time since last request: 0.000023 seconds.
  path: Assets/kenney_ui-pack/PNG/grey_button13.png
  artifactKey: Guid(b589fb1864aab694fa4c332be3a81768) Importer(815301076,1909f56bfc062723c751e8b465ee728b)
Number of updated assets reloaded before import = 0
Start importing Assets/kenney_ui-pack/PNG/grey_button13.png using Guid(b589fb1864aab694fa4c332be3a81768) Importer(815301076,1909f56bfc062723c751e8b465ee728b)  -> (artifact id: '33fe446d66f72387e60b1606dffeeeee') in 0.018402 seconds 
Number of asset objects unloaded after import = 3
========================================================================
Received Import Request.
  Time since last request: 0.000020 seconds.
  path: Assets/kenney_ui-pack/PNG/blue_panel.png
  artifactKey: Guid(1ae45dd4d8620ef45ab6310aa822ccc3) Importer(815301076,1909f56bfc062723c751e8b465ee728b)
Number of updated assets reloaded before import = 0
Start importing Assets/kenney_ui-pack/PNG/blue_panel.png using Guid(1ae45dd4d8620ef45ab6310aa822ccc3) Importer(815301076,1909f56bfc062723c751e8b465ee728b)  -> (artifact id: 'a18b8059149cee3c2152ddf82f9f3e77') in 0.019652 seconds 
Number of asset objects unloaded after import = 3
========================================================================
Received Import Request.
  Time since last request: 0.000016 seconds.
  path: Assets/kenney_ui-pack/PNG/red_button12.png
  artifactKey: Guid(87602f2e89c0afd43b910dff78e94b36) Importer(815301076,1909f56bfc062723c751e8b465ee728b)
Number of updated assets reloaded before import = 0
Start importing Assets/kenney_ui-pack/PNG/red_button12.png using Guid(87602f2e89c0afd43b910dff78e94b36) Importer(815301076,1909f56bfc062723c751e8b465ee728b)  -> (artifact id: '0120426a41b2d4670d2073eb8ab724aa') in 0.019217 seconds 
Number of asset objects unloaded after import = 3
========================================================================
Received Import Request.
  Time since last request: 0.000020 seconds.
  path: Assets/kenney_ui-pack/PNG/grey_boxCross.png
  artifactKey: Guid(5a62be7dbd582d24d9fd852c1c8e7189) Importer(815301076,1909f56bfc062723c751e8b465ee728b)
Number of updated assets reloaded before import = 0
Start importing Assets/kenney_ui-pack/PNG/grey_boxCross.png using Guid(5a62be7dbd582d24d9fd852c1c8e7189) Importer(815301076,1909f56bfc062723c751e8b465ee728b)  -> (artifact id: '04be122da18774df24137f103cee77a4') in 0.019487 seconds 
Number of asset objects unloaded after import = 3
========================================================================
Received Import Request.
  Time since last request: 0.000024 seconds.
  path: Assets/kenney_ui-pack/PNG/grey_arrowUpGrey.png
  artifactKey: Guid(d94556fbe39a0a2438d9899cf4cab0eb) Importer(815301076,1909f56bfc062723c751e8b465ee728b)
Number of updated assets reloaded before import = 0
Start importing Assets/kenney_ui-pack/PNG/grey_arrowUpGrey.png using Guid(d94556fbe39a0a2438d9899cf4cab0eb) Importer(815301076,1909f56bfc062723c751e8b465ee728b)  -> (artifact id: '7e5fc593c6c64a0bcb21e78a3a71f4e4') in 0.020629 seconds 
Number of asset objects unloaded after import = 3
========================================================================
Received Import Request.
  Time since last request: 0.000019 seconds.
  path: Assets/kenney_ui-pack/PNG/green_button10.png
  artifactKey: Guid(b2b8dbddb49fb1b45a99ac267904566a) Importer(815301076,1909f56bfc062723c751e8b465ee728b)
Number of updated assets reloaded before import = 0
Start importing Assets/kenney_ui-pack/PNG/green_button10.png using Guid(b2b8dbddb49fb1b45a99ac267904566a) Importer(815301076,1909f56bfc062723c751e8b465ee728b)  -> (artifact id: 'df9ea2b440a59a5fb7c97442ab70e0bd') in 0.016572 seconds 
Number of asset objects unloaded after import = 3
========================================================================
Received Import Request.
  Time since last request: 0.000019 seconds.
  path: Assets/kenney_ui-pack/PNG/green_button00.png
  artifactKey: Guid(bd9d5577c6771ae45aaa01fba6464a88) Importer(815301076,1909f56bfc062723c751e8b465ee728b)
Number of updated assets reloaded before import = 0
Start importing Assets/kenney_ui-pack/PNG/green_button00.png using Guid(bd9d5577c6771ae45aaa01fba6464a88) Importer(815301076,1909f56bfc062723c751e8b465ee728b)  -> (artifact id: 'ec407080ae7a0c6c580cedb3a5a33e55') in 0.017489 seconds 
Number of asset objects unloaded after import = 3
========================================================================
Received Import Request.
  Time since last request: 0.000021 seconds.
  path: Assets/kenney_ui-pack/PNG/yellow_button05.png
  artifactKey: Guid(d1d81df8d101dbc40858961430b1f4ab) Importer(815301076,1909f56bfc062723c751e8b465ee728b)
Number of updated assets reloaded before import = 0
Start importing Assets/kenney_ui-pack/PNG/yellow_button05.png using Guid(d1d81df8d101dbc40858961430b1f4ab) Importer(815301076,1909f56bfc062723c751e8b465ee728b)  -> (artifact id: '7c53cf012d605946bc4b1e476f54f2cc') in 0.015321 seconds 
Number of asset objects unloaded after import = 3
========================================================================
Received Import Request.
  Time since last request: 0.000028 seconds.
  path: Assets/kenney_ui-pack/PNG/grey_checkmarkGrey.png
  artifactKey: Guid(291416669bfe3ac4f8f96d4f17b5312f) Importer(815301076,1909f56bfc062723c751e8b465ee728b)
Number of updated assets reloaded before import = 0
Start importing Assets/kenney_ui-pack/PNG/grey_checkmarkGrey.png using Guid(291416669bfe3ac4f8f96d4f17b5312f) Importer(815301076,1909f56bfc062723c751e8b465ee728b)  -> (artifact id: 'bd54db6ac86ff92b16da0f82eaf00bee') in 0.016363 seconds 
Number of asset objects unloaded after import = 3
========================================================================
Received Import Request.
  Time since last request: 0.000022 seconds.
  path: Assets/kenney_ui-pack/PNG/grey_button03.png
  artifactKey: Guid(8119e6beac512c04bab041cf5964347e) Importer(815301076,1909f56bfc062723c751e8b465ee728b)
Number of updated assets reloaded before import = 0
Start importing Assets/kenney_ui-pack/PNG/grey_button03.png using Guid(8119e6beac512c04bab041cf5964347e) Importer(815301076,1909f56bfc062723c751e8b465ee728b)  -> (artifact id: '23396d1b26304484c4a5f1637d05e26d') in 0.016122 seconds 
Number of asset objects unloaded after import = 3
========================================================================
Received Import Request.
  Time since last request: 0.000022 seconds.
  path: Assets/kenney_ui-pack/PNG/yellow_boxTick.png
  artifactKey: Guid(5ada211c93154f143ba6e49d0137b335) Importer(815301076,1909f56bfc062723c751e8b465ee728b)
Number of updated assets reloaded before import = 0
Start importing Assets/kenney_ui-pack/PNG/yellow_boxTick.png using Guid(5ada211c93154f143ba6e49d0137b335) Importer(815301076,1909f56bfc062723c751e8b465ee728b)  -> (artifact id: 'f923725125ab1e29300f248f2fdf36a8') in 0.016150 seconds 
Number of asset objects unloaded after import = 3
========================================================================
Received Import Request.
  Time since last request: 0.000021 seconds.
  path: Assets/kenney_ui-pack/PNG/blue_button10.png
  artifactKey: Guid(d87174dfb3a4e4f489ecb59467384120) Importer(815301076,1909f56bfc062723c751e8b465ee728b)
Number of updated assets reloaded before import = 0
Start importing Assets/kenney_ui-pack/PNG/blue_button10.png using Guid(d87174dfb3a4e4f489ecb59467384120) Importer(815301076,1909f56bfc062723c751e8b465ee728b)  -> (artifact id: 'f9b9fa12562c81c49cc58b133ed0d553') in 0.016230 seconds 
Number of asset objects unloaded after import = 3
========================================================================
Received Import Request.
  Time since last request: 0.000016 seconds.
  path: Assets/kenney_ui-pack/PNG/yellow_button07.png
  artifactKey: Guid(ce31d5d61e0ba384aa9cf86917bc07ac) Importer(815301076,1909f56bfc062723c751e8b465ee728b)
Number of updated assets reloaded before import = 0
Start importing Assets/kenney_ui-pack/PNG/yellow_button07.png using Guid(ce31d5d61e0ba384aa9cf86917bc07ac) Importer(815301076,1909f56bfc062723c751e8b465ee728b)  -> (artifact id: 'cdf8f5f4b40bc1cb0f3d8ca6614206e3') in 0.016359 seconds 
Number of asset objects unloaded after import = 3
========================================================================
Received Import Request.
  Time since last request: 0.000017 seconds.
  path: Assets/kenney_ui-pack/PNG/yellow_button04.png
  artifactKey: Guid(23763c6cfdf380d43b2c25d865b17213) Importer(815301076,1909f56bfc062723c751e8b465ee728b)
Number of updated assets reloaded before import = 0
Start importing Assets/kenney_ui-pack/PNG/yellow_button04.png using Guid(23763c6cfdf380d43b2c25d865b17213) Importer(815301076,1909f56bfc062723c751e8b465ee728b)  -> (artifact id: 'be2f955f363d1e164c147278a01963b2') in 0.016756 seconds 
Number of asset objects unloaded after import = 3
========================================================================
Received Import Request.
  Time since last request: 0.000021 seconds.
  path: Assets/kenney_ui-pack/PNG/red_sliderDown.png
  artifactKey: Guid(b984fd49f484da0469a5fe9d607afe2d) Importer(815301076,1909f56bfc062723c751e8b465ee728b)
Number of updated assets reloaded before import = 0
Start importing Assets/kenney_ui-pack/PNG/red_sliderDown.png using Guid(b984fd49f484da0469a5fe9d607afe2d) Importer(815301076,1909f56bfc062723c751e8b465ee728b)  -> (artifact id: '53b9571a60a756d808e97d661e28b3dd') in 0.017272 seconds 
Number of asset objects unloaded after import = 3
========================================================================
Received Import Request.
  Time since last request: 0.000022 seconds.
  path: Assets/kenney_ui-pack/PNG/blue_sliderUp.png
  artifactKey: Guid(c3120bc95816e804a81a8cdfe7b8c766) Importer(815301076,1909f56bfc062723c751e8b465ee728b)
Number of updated assets reloaded before import = 0
Start importing Assets/kenney_ui-pack/PNG/blue_sliderUp.png using Guid(c3120bc95816e804a81a8cdfe7b8c766) Importer(815301076,1909f56bfc062723c751e8b465ee728b)  -> (artifact id: '068903d6d2fea10e55179b24b9baff4a') in 0.016686 seconds 
Number of asset objects unloaded after import = 3
========================================================================
Received Import Request.
  Time since last request: 0.000017 seconds.
  path: Assets/kenney_ui-pack/PNG/green_button11.png
  artifactKey: Guid(3541643f7ef9b4c4988482958dc81a23) Importer(815301076,1909f56bfc062723c751e8b465ee728b)
Number of updated assets reloaded before import = 0
Start importing Assets/kenney_ui-pack/PNG/green_button11.png using Guid(3541643f7ef9b4c4988482958dc81a23) Importer(815301076,1909f56bfc062723c751e8b465ee728b)  -> (artifact id: '8b4910260e49dd8e197daad6adc2187d') in 0.016664 seconds 
Number of asset objects unloaded after import = 3
========================================================================
Received Import Request.
  Time since last request: 0.000020 seconds.
  path: Assets/kenney_ui-pack/PNG/green_button09.png
  artifactKey: Guid(62d6ab8d743580b45be89b7503fcee5b) Importer(815301076,1909f56bfc062723c751e8b465ee728b)
Number of updated assets reloaded before import = 0
Start importing Assets/kenney_ui-pack/PNG/green_button09.png using Guid(62d6ab8d743580b45be89b7503fcee5b) Importer(815301076,1909f56bfc062723c751e8b465ee728b)  -> (artifact id: '91a43fb7418532830252b1c45098e163') in 0.016736 seconds 
Number of asset objects unloaded after import = 3
========================================================================
Received Import Request.
  Time since last request: 0.000027 seconds.
  path: Assets/kenney_ui-pack/PNG/yellow_button03.png
  artifactKey: Guid(2b2089a83231da7439378bd6b851a308) Importer(815301076,1909f56bfc062723c751e8b465ee728b)
Number of updated assets reloaded before import = 0
Start importing Assets/kenney_ui-pack/PNG/yellow_button03.png using Guid(2b2089a83231da7439378bd6b851a308) Importer(815301076,1909f56bfc062723c751e8b465ee728b)  -> (artifact id: '8df308e60aed2b0e5ea8c68c4ec00b0e') in 0.017571 seconds 
Number of asset objects unloaded after import = 3
========================================================================
Received Import Request.
  Time since last request: 0.000022 seconds.
  path: Assets/kenney_ui-pack/PNG/red_cross.png
  artifactKey: Guid(3c82aa908226b0f40b5d02b181905ad0) Importer(815301076,1909f56bfc062723c751e8b465ee728b)
Number of updated assets reloaded before import = 0
Start importing Assets/kenney_ui-pack/PNG/red_cross.png using Guid(3c82aa908226b0f40b5d02b181905ad0) Importer(815301076,1909f56bfc062723c751e8b465ee728b)  -> (artifact id: '68b4fdc2e5061d0aa0c244ec697dd448') in 0.019125 seconds 
Number of asset objects unloaded after import = 3
========================================================================
Received Import Request.
  Time since last request: 0.000019 seconds.
  path: Assets/kenney_ui-pack/PNG/grey_button09.png
  artifactKey: Guid(9f9cd3a873bede841b8ff8efa73dffe8) Importer(815301076,1909f56bfc062723c751e8b465ee728b)
Number of updated assets reloaded before import = 0
Start importing Assets/kenney_ui-pack/PNG/grey_button09.png using Guid(9f9cd3a873bede841b8ff8efa73dffe8) Importer(815301076,1909f56bfc062723c751e8b465ee728b)  -> (artifact id: '52f1235db24b973baa09f2a7b48fc934') in 0.017039 seconds 
Number of asset objects unloaded after import = 3
========================================================================
Received Import Request.
  Time since last request: 0.000031 seconds.
  path: Assets/kenney_ui-pack/PNG/red_button09.png
  artifactKey: Guid(fa63e53605e64fe42aa4ebb4615237e7) Importer(815301076,1909f56bfc062723c751e8b465ee728b)
Number of updated assets reloaded before import = 0
Start importing Assets/kenney_ui-pack/PNG/red_button09.png using Guid(fa63e53605e64fe42aa4ebb4615237e7) Importer(815301076,1909f56bfc062723c751e8b465ee728b)  -> (artifact id: '663dd29fc96e842f10d32a145f3303fa') in 0.016908 seconds 
Number of asset objects unloaded after import = 3
========================================================================
Received Import Request.
  Time since last request: 0.000031 seconds.
  path: Assets/kenney_ui-pack/PNG/yellow_button01.png
  artifactKey: Guid(3eda52c60ebac7543a01634bb64a5256) Importer(815301076,1909f56bfc062723c751e8b465ee728b)
Number of updated assets reloaded before import = 0
Start importing Assets/kenney_ui-pack/PNG/yellow_button01.png using Guid(3eda52c60ebac7543a01634bb64a5256) Importer(815301076,1909f56bfc062723c751e8b465ee728b)  -> (artifact id: '96d9be2570faf39272a7ac4a0573fe82') in 0.016693 seconds 
Number of asset objects unloaded after import = 3
Editor requested this worker to shutdown with reason: Scaling down because of idle timeout
AssetImportWorker is now disconnected from the server
Process exiting
Exiting without the bug reporter. Application will terminate with return code 0